1532243092569	geckodriver	INFO	geckodriver 0.20.1
1532243092578	geckodriver	INFO	Listening on 127.0.0.1:9410
1532243095657	mozrunner::runner	INFO	Running command: "C:\\Program Files\\Mozilla Firefox\\firefox.exe" "-marionette" "-profile" "C:\\Users\\kkche\\AppData\\Local\\Temp\\rust_mozprofile.dIOuqpjrfEvE"
Unable to read VR Path Registry from C:\Users\kkche\AppData\Local\openvr\openvrpaths.vrpath
Unable to read VR Path Registry from C:\Users\kkche\AppData\Local\openvr\openvrpaths.vrpath
Unable to read VR Path Registry from C:\Users\kkche\AppData\Local\openvr\openvrpaths.vrpath
Unable to read VR Path Registry from C:\Users\kkche\AppData\Local\openvr\openvrpaths.vrpath
Unable to read VR Path Registry from C:\Users\kkche\AppData\Local\openvr\openvrpaths.vrpath
1532243101998	Marionette	INFO	Listening on port 9418
1532243103122	Marionette	WARN	TLS certificate errors will be ignored for this session
[Parent 18376, Gecko_IOThread] WARNING: pipe error: 109: file z:/build/build/src/ipc/chromium/src/chrome/common/ipc_channel_win.cc, line 346
[Parent 18376, Gecko_IOThread] WARNING: pipe error: 109: file z:/build/build/src/ipc/chromium/src/chrome/common/ipc_channel_win.cc, line 346
[Child 25632, Chrome_ChildThread] WARNING: pipe error: 109: file z:/build/build/src/ipc/chromium/src/chrome/common/ipc_channel_win.cc, line 346
[Child 25632, Chrome_ChildThread] WARNING: pipe err[Parent 18376, Gecko_IOThread] WARNING: pipe error: 109: file z:/build/build/src/ipc/chromium/src/chrome/common/ipc_channel_win.cc, line 346
[Child 15788, Chrome_ChildThread] WARNING: pipe error: 109: file z:/build/build/src/ipc/chromium/src/chrome/common/ipc_channel_win.cc, line 346
[Child 15788, Chrome_ChildThread[Parent 18376, Gecko_IOThread] WARNING: pipe error: 232: file z:/build/build/src/ipc/chromium/src/chrome/common/ipc_channel_win.cc, line 513
[Parent 18376, Gecko_IOThread] WARNING: pipe error: 109: file z:/build/build/src/ipc/chromium/src/chrome/common/ipc_channel_win.cc, line 346
[Child 21636, Chrome_ChildThread] WARNING: pipe error: 109: file z:/build/build/src/ipc/chromium/src/chrome/common/ipc_channel_win.cc, line 346
[Child 21636, Chrome_ChildThread] WARNING: p[GPU 25688, Chrome_ChildThread] WARNING
###!!! [Child][MessageChannel::SendAndWait] Error: Channel error: cannot send/recv

1532244340330	geckodriver	INFO	geckodriver 0.20.1
1532244340340	geckodriver	INFO	Listening on 127.0.0.1:9609
1532244343423	mozrunner::runner	INFO	Running command: "C:\\Program Files\\Mozilla Firefox\\firefox.exe" "-marionette" "-profile" "C:\\Users\\kkche\\AppData\\Local\\Temp\\rust_mozprofile.FT7Pg8nxq3VU"
Unable to read VR Path Registry from C:\Users\kkche\AppData\Local\openvr\openvrpaths.vrpath
Unable to read VR Path Registry from C:\Users\kkche\AppData\Local\openvr\openvrpaths.vrpath
Unable to read VR Path Registry from C:\Users\kkche\AppData\Local\openvr\openvrpaths.vrpath
Unable to read VR Path Registry from C:\Users\kkche\AppData\Local\openvr\openvrpaths.vrpath
Unable to read VR Path Registry from C:\Users\kkche\AppData\Local\openvr\openvrpaths.vrpath
1532244347377	Marionette	INFO	Listening on port 9617
1532244347542	Marionette	WARN	TLS certificate errors will be ignored for this session
[Parent 12808, Gecko_IOThread] WARNING: pipe error: 109: file z:/build/build/src/ipc/chromium/src/chrome/common/ipc_channel_win.cc, line 346
[Parent 12808, Gecko_IOThread] WARNING: pipe error: 109: file z:/build/build/src/ipc/chromium/src/chrome/common/ipc_channel_win.cc, line 346
[Parent 12808, Gecko_IOThread] WARNING: pipe error: 109: file z:/build/build/src/ipc/chromium/src/chrome/common/ipc_channel_win.cc, line 346
IPDL protocol error: Handler returned error code!

###!!! [Parent][DispatchAsyncMessage] Error: PLayerTransaction::Msg_ReleaseLayer Processing error: message was deserialized, but the handler returned false (indicating failure)

IPDL protocol error: Handler returned error code!

###!!! [Parent][DispatchAsyncMessage] Error: PLayerTransaction::Msg_ReleaseLayer Processing error: message was deserialized, but the handler returned false (indicating failure)

IPDL protocol error: Handler returned error code!

###!!! [Parent][DispatchAsyncMessage] Error: PLayerTransaction::Msg_ReleaseLayer Processing error: message was deserialized, but the handler returned false (indicating failure)

IPDL protocol error: Handler returned error code!

###!!! [Parent][DispatchAsyncMessage] Error: PLayerTransaction::Msg_ReleaseLayer Processing error: message was deserialized, but the handler returned false (indicating failure)

IPDL protocol error: Handler returned error code!

###!!! [Parent][DispatchAsyncMessage] Error: PLayerTransaction::Msg_ReleaseLayer Processing error: message was deserialized, but the handler returned false (indicating failure)

IPDL protocol error: Handler returned error code!

###!!! [Parent][DispatchAsyncMessage] Error: PLayerTransaction::Msg_ReleaseLayer Processing error: message was deserialized, but the handler returned false (indicating failure)

IPDL protocol error: Handler returned error code!

###!!! [Parent][DispatchAsyncMessage] Error: PLayerTransaction::Msg_ReleaseLayer Processing error: message was deserialized, but the handler returned false (indicating failure)

IPDL protocol error: Handler returned error code!

###!!! [Parent][DispatchAsyncMessage] Error: PLayerTransaction::Msg_ReleaseLayer Processing error: message was deserialized, but the handler returned false (indicating failure)

[Parent 12808, Gecko_IOThread] WARNING: pipe error: 109: file z:/build/build/src/ipc/chromium/src/chrome/common/ipc_channel_win.cc, line 346
[Child 15432, Chrome_ChildThread] WARNING: pipe error: 109: file z:/build/build/src/ipc/chromium/src/chrome/common/ipc_channel_win.cc, line 346
[Child 15432, Chrome_C[Child 21244, Chrome_ChildThread] WARNING: pipe error: 109: file z:/build/build/src/ipc/chromium/src/chrome/common/ipc_channel_win.cc, line 346
[Child 21244, Chrome_ChildThread] WARNING: pipe error: 109: file z:/build/build/src/[Child 14976, Chrome_ChildThread] WARNING: pipe error: 109: file z:/build/build/src/ipc/chromium/src/chrome/common/ipc_channel_win.cc, line 346
[Child 14976, Chrome_ChildTh[GPU 5484, Chrome_ChildThread] WARNING: pip
###!!! [Child][MessageChannel::SendAndWait] Error: Channel error: cannot send/recv

1532246257242	geckodriver	INFO	geckodriver 0.20.1
1532246257250	geckodriver	INFO	Listening on 127.0.0.1:10077
1532246260360	mozrunner::runner	INFO	Running command: "C:\\Program Files\\Mozilla Firefox\\firefox.exe" "-marionette" "-profile" "C:\\Users\\kkche\\AppData\\Local\\Temp\\rust_mozprofile.4KXZoT0J4WAJ"
Unable to read VR Path Registry from C:\Users\kkche\AppData\Local\openvr\openvrpaths.vrpath
Unable to read VR Path Registry from C:\Users\kkche\AppData\Local\openvr\openvrpaths.vrpath
Unable to read VR Path Registry from C:\Users\kkche\AppData\Local\openvr\openvrpaths.vrpath
Unable to read VR Path Registry from C:\Users\kkche\AppData\Local\openvr\openvrpaths.vrpath
Unable to read VR Path Registry from C:\Users\kkche\AppData\Local\openvr\openvrpaths.vrpath
1532246264642	Marionette	INFO	Listening on port 10085
1532246265809	Marionette	WARN	TLS certificate errors will be ignored for this session
IPDL protocol error: Handler returned error code!

###!!! [Parent][DispatchAsyncMessage] Error: PLayerTransaction::Msg_ReleaseLayer Processing error: message was deserialized, but the handler returned false (indicating failure)

IPDL protocol error: Handler returned error code!

###!!! [Parent][DispatchAsyncMessage] Error: PLayerTransaction::Msg_ReleaseLayer Processing error: message was deserialized, but the handler returned false (indicating failure)

IPDL protocol error: Handler returned error code!

###!!! [Parent][DispatchAsyncMessage] Error: PLayerTransaction::Msg_ReleaseLayer Processing error: message was deserialized, but the handler returned false (indicating failure)

IPDL protocol error: Handler returned error code!

###!!! [Parent][DispatchAsyncMessage] Error: PLayerTransaction::Msg_ReleaseLayer Processing error: message was deserialized, but the handler returned false (indicating failure)

IPDL protocol error: Handler returned error code!

###!!! [Parent][DispatchAsyncMessage] Error: PLayerTransaction::Msg_ReleaseLayer Processing error: message was deserialized, but the handler returned false (indicating failure)

IPDL protocol error: Handler returned error code!

###!!! [Parent][DispatchAsyncMessage] Error: PLayerTransaction::Msg_ReleaseLayer Processing error: message was deserialized, but the handler returned false (indicating failure)

IPDL protocol error: Handler returned error code!

###!!! [Parent][DispatchAsyncMessage] Error: PLayerTransaction::Msg_ReleaseLayer Processing error: message was deserialized, but the handler returned false (indicating failure)

IPDL protocol error: Handler returned error code!

###!!! [Parent][DispatchAsyncMessage] Error: PLayerTransaction::Msg_ReleaseLayer Processing error: message was deserialized, but the handler returned false (indicating failure)

[Parent 21764, Gecko_IOThread] WARNING: pipe error: 109: file z:/build/build/src/ipc/chromium/src/chrome/common/ipc_channel_win.cc, line 346
[Parent 21764, Gecko_IOThread] WARNING: pipe error: 109: file z:/build/build/src/ipc/chromium/src/chrome/common/ipc_channel_win.cc, line 346
[Child 23796, Chrome_ChildThread] WARNING: pipe error: 109: file z:/build/build/src/ipc/chromium/src/chrome/common/ipc_channel_win.cc, line 346
[Child 23796, Chrome_ChildThread] WARNING: pipe error: 109: file z:/b[Child 16168, Chrome_ChildThread] WARNING: pipe error: 109: file z:/build/build/src/ipc/chromium/src/chrome/common/ipc_channel_win.cc, line 346
[Child 16168, Chrome_ChildThread] WARNING: pipe err[Parent 21764, Gecko_IOThread] WARNING: pipe error: 109: file z:/build/build/src/ipc/chromium/src/chrome/common/ipc_channel_win.cc, line 346
[Child 19560, Chrome_ChildThread] WARNING: pipe error: 109: file z:/build/build/src/ipc/chromium/src/chrome/common/ipc_channel_win.cc, line 346
[Child 19560, Chrome_ChildThread] WARNING:[GPU 26168, Chrome_Chil
###!!! [Child][MessageChannel::SendAndWait] Error: Channel error: cannot send/recv

